[ 2012-12-12T22:46:00+08:00 ] 127.0.0.1 /gbook_thinkphp/
INFO: [ app_begin ] --START--
INFO: Run ReadHtmlCache Behavior [ RunTime:0.000520s ]
INFO: [ app_begin ] --END-- [ RunTime:0.000616s ]
SQL: SHOW COLUMNS FROM `thinkphp_gbook` [ RunTime:0.000931s ]
SQL: SELECT * FROM `thinkphp_gbook`  [ RunTime:0.000140s ]
INFO: [ view_template ] --START--
INFO: Run LocationTemplate Behavior [ RunTime:-0.009871s ]
INFO: [ view_template ] --END-- [ RunTime:0.000397s ]
INFO: [ view_parse ] --START--
NOTIC: [8] Undefined variable: vo /var/www/gbook_thinkphp/Runtime/Cache/6d0e9aa1758bef21abf6f9bbdd307540.php 第 7 行.
NOTIC: [8] Undefined variable: vo /var/www/gbook_thinkphp/Runtime/Cache/6d0e9aa1758bef21abf6f9bbdd307540.php 第 7 行.
INFO: Run ParseTemplate Behavior [ RunTime:-0.010322s ]
INFO: [ view_parse ] --END-- [ RunTime:0.006213s ]
INFO: [ view_filter ] --START--
INFO: Run ContentReplace Behavior [ RunTime:-0.016582s ]
INFO: Run TokenBuild Behavior [ RunTime:-0.016966s ]
INFO: Run WriteHtmlCache Behavior [ RunTime:-0.017314s ]
INFO: Run ShowRuntime Behavior [ RunTime:-0.017531s ]
INFO: [ view_filter ] --END-- [ RunTime:0.001394s ]
INFO: [ view_end ] --START--
INFO: Run ShowPageTrace Behavior [ RunTime:-0.018058s ]
INFO: [ view_end ] --END-- [ RunTime:0.000711s ]

