[ 2012-12-14T22:18:49+08:00 ] 127.0.0.1 /gbook_thinkphp/
INFO: [ app_begin ] --START--
INFO: Run ReadHtmlCache Behavior [ RunTime:0.001190s ]
INFO: [ app_begin ] --END-- [ RunTime:0.001416s ]
SQL: SHOW COLUMNS FROM `thinkphp_gbook` [ RunTime:0.000936s ]
SQL: SELECT * FROM `thinkphp_gbook`  [ RunTime:0.000372s ]
INFO: [ view_template ] --START--
INFO: Run LocationTemplate Behavior [ RunTime:-0.044204s ]
INFO: [ view_template ] --END-- [ RunTime:0.000734s ]
INFO: [ view_parse ] --START--
NOTIC: [8] Undefined variable: vo /var/www/gbook_thinkphp/Runtime/Cache/6d0e9aa1758bef21abf6f9bbdd307540.php 第 7 行.
NOTIC: [8] Undefined variable: vo /var/www/gbook_thinkphp/Runtime/Cache/6d0e9aa1758bef21abf6f9bbdd307540.php 第 7 行.
INFO: Run ParseTemplate Behavior [ RunTime:-0.045009s ]
INFO: [ view_parse ] --END-- [ RunTime:0.009137s ]
INFO: [ view_filter ] --START--
INFO: Run ContentReplace Behavior [ RunTime:-0.054184s ]
INFO: Run TokenBuild Behavior [ RunTime:-0.054774s ]
INFO: Run WriteHtmlCache Behavior [ RunTime:-0.055550s ]
INFO: Run ShowRuntime Behavior [ RunTime:-0.056056s ]
INFO: [ view_filter ] --END-- [ RunTime:0.002639s ]
INFO: [ view_end ] --START--
INFO: Run ShowPageTrace Behavior [ RunTime:-0.056901s ]
INFO: [ view_end ] --END-- [ RunTime:0.000985s ]

