[ 2012-12-15T20:37:53+08:00 ] 127.0.0.1 /gbook_thinkphp/
INFO: [ app_begin ] --START--
INFO: Run ReadHtmlCache Behavior [ RunTime:0.001148s ]
INFO: [ app_begin ] --END-- [ RunTime:0.001355s ]
SQL: SHOW COLUMNS FROM `thinkphp_gbook` [ RunTime:0.000925s ]
SQL: SELECT * FROM `thinkphp_gbook`  [ RunTime:0.000389s ]
INFO: [ view_template ] --START--
INFO: Run LocationTemplate Behavior [ RunTime:-0.040192s ]
INFO: [ view_template ] --END-- [ RunTime:0.000726s ]
INFO: [ view_parse ] --START--
NOTIC: [8] Undefined variable: vo /var/www/gbook_thinkphp/Runtime/Cache/6d0e9aa1758bef21abf6f9bbdd307540.php 第 7 行.
NOTIC: [8] Undefined variable: vo /var/www/gbook_thinkphp/Runtime/Cache/6d0e9aa1758bef21abf6f9bbdd307540.php 第 7 行.
INFO: Run ParseTemplate Behavior [ RunTime:-0.040991s ]
INFO: [ view_parse ] --END-- [ RunTime:0.009163s ]
INFO: [ view_filter ] --START--
INFO: Run ContentReplace Behavior [ RunTime:-0.050192s ]
INFO: Run TokenBuild Behavior [ RunTime:-0.050818s ]
INFO: Run WriteHtmlCache Behavior [ RunTime:-0.051530s ]
INFO: Run ShowRuntime Behavior [ RunTime:-0.052045s ]
INFO: [ view_filter ] --END-- [ RunTime:0.002576s ]
INFO: [ view_end ] --START--
INFO: Run ShowPageTrace Behavior [ RunTime:-0.052850s ]
INFO: [ view_end ] --END-- [ RunTime:0.000946s ]

[ 2012-12-15T20:38:24+08:00 ] 127.0.0.1 /gbook_thinkphp/
INFO: [ app_begin ] --START--
INFO: Run ReadHtmlCache Behavior [ RunTime:0.000609s ]
INFO: [ app_begin ] --END-- [ RunTime:0.000801s ]
SQL: SHOW COLUMNS FROM `thinkphp_gbook` [ RunTime:0.000999s ]
SQL: SELECT * FROM `thinkphp_gbook`  [ RunTime:0.000112s ]
INFO: [ view_template ] --START--
INFO: Run LocationTemplate Behavior [ RunTime:-0.013792s ]
INFO: [ view_template ] --END-- [ RunTime:0.000448s ]
INFO: [ view_parse ] --START--
NOTIC: [8] Undefined variable: vo /var/www/gbook_thinkphp/Runtime/Cache/6d0e9aa1758bef21abf6f9bbdd307540.php 第 7 行.
NOTIC: [8] Undefined variable: vo /var/www/gbook_thinkphp/Runtime/Cache/6d0e9aa1758bef21abf6f9bbdd307540.php 第 7 行.
INFO: Run ParseTemplate Behavior [ RunTime:-0.014307s ]
INFO: [ view_parse ] --END-- [ RunTime:0.006990s ]
INFO: [ view_filter ] --START--
INFO: Run ContentReplace Behavior [ RunTime:-0.021335s ]
INFO: Run TokenBuild Behavior [ RunTime:-0.021684s ]
INFO: Run WriteHtmlCache Behavior [ RunTime:-0.022009s ]
INFO: Run ShowRuntime Behavior [ RunTime:-0.022252s ]
INFO: [ view_filter ] --END-- [ RunTime:0.001586s ]
INFO: [ view_end ] --START--
INFO: Run ShowPageTrace Behavior [ RunTime:-0.023002s ]
INFO: [ view_end ] --END-- [ RunTime:0.000758s ]
NOTIC: [8] Undefined variable: list /var/www/gbook_thinkphp/Lib/Action/IndexAction.class.php 第 8 行.

[ 2012-12-15T20:38:57+08:00 ] 127.0.0.1 /gbook_thinkphp/
INFO: [ app_begin ] --START--
INFO: Run ReadHtmlCache Behavior [ RunTime:0.000637s ]
INFO: [ app_begin ] --END-- [ RunTime:0.000843s ]
SQL: SHOW COLUMNS FROM `thinkphp_gbook` [ RunTime:0.000906s ]
SQL: SELECT * FROM `thinkphp_gbook`  [ RunTime:0.000110s ]
INFO: [ view_template ] --START--
INFO: Run LocationTemplate Behavior [ RunTime:-0.013492s ]
INFO: [ view_template ] --END-- [ RunTime:0.000405s ]
INFO: [ view_parse ] --START--
NOTIC: [8] Undefined variable: vo /var/www/gbook_thinkphp/Runtime/Cache/6d0e9aa1758bef21abf6f9bbdd307540.php 第 7 行.
NOTIC: [8] Undefined variable: vo /var/www/gbook_thinkphp/Runtime/Cache/6d0e9aa1758bef21abf6f9bbdd307540.php 第 7 行.
INFO: Run ParseTemplate Behavior [ RunTime:-0.013964s ]
INFO: [ view_parse ] --END-- [ RunTime:0.006947s ]
INFO: [ view_filter ] --START--
INFO: Run ContentReplace Behavior [ RunTime:-0.020951s ]
INFO: Run TokenBuild Behavior [ RunTime:-0.021300s ]
INFO: Run WriteHtmlCache Behavior [ RunTime:-0.021677s ]
INFO: Run ShowRuntime Behavior [ RunTime:-0.021896s ]
INFO: [ view_filter ] --END-- [ RunTime:0.001415s ]
INFO: [ view_end ] --START--
INFO: Run ShowPageTrace Behavior [ RunTime:-0.022444s ]
INFO: [ view_end ] --END-- [ RunTime:0.000685s ]

[ 2012-12-15T21:51:37+08:00 ] 127.0.0.1 /gbook_thinkphp/
INFO: [ app_begin ] --START--
INFO: Run ReadHtmlCache Behavior [ RunTime:0.000629s ]
INFO: [ app_begin ] --END-- [ RunTime:0.000831s ]
SQL: SHOW COLUMNS FROM `thinkphp_gbook` [ RunTime:0.000962s ]
SQL: SELECT * FROM `thinkphp_gbook`  [ RunTime:0.000137s ]
INFO: [ view_template ] --START--
INFO: Run LocationTemplate Behavior [ RunTime:-0.013776s ]
INFO: [ view_template ] --END-- [ RunTime:0.000485s ]
INFO: [ view_parse ] --START--
INFO: Run ParseTemplate Behavior [ RunTime:-0.014336s ]
INFO: [ view_parse ] --END-- [ RunTime:0.007817s ]
INFO: [ view_filter ] --START--
INFO: Run ContentReplace Behavior [ RunTime:-0.022213s ]
INFO: Run TokenBuild Behavior [ RunTime:-0.022580s ]
INFO: Run WriteHtmlCache Behavior [ RunTime:-0.022957s ]
INFO: Run ShowRuntime Behavior [ RunTime:-0.023248s ]
INFO: [ view_filter ] --END-- [ RunTime:0.001519s ]
INFO: [ view_end ] --START--
INFO: Run ShowPageTrace Behavior [ RunTime:-0.023810s ]
INFO: [ view_end ] --END-- [ RunTime:0.000644s ]

[ 2012-12-15T22:00:48+08:00 ] 127.0.0.1 /gbook_thinkphp/
INFO: [ app_begin ] --START--
INFO: Run ReadHtmlCache Behavior [ RunTime:0.000600s ]
INFO: [ app_begin ] --END-- [ RunTime:0.000775s ]
SQL: SHOW COLUMNS FROM `thinkphp_gbook` [ RunTime:0.000958s ]
SQL: SELECT * FROM `thinkphp_gbook`  [ RunTime:0.000127s ]
INFO: [ view_template ] --START--
INFO: Run LocationTemplate Behavior [ RunTime:-0.015100s ]
INFO: [ view_template ] --END-- [ RunTime:0.000449s ]
INFO: [ view_parse ] --START--
INFO: Run ParseTemplate Behavior [ RunTime:-0.015618s ]
INFO: [ view_parse ] --END-- [ RunTime:0.007899s ]
INFO: [ view_filter ] --START--
INFO: Run ContentReplace Behavior [ RunTime:-0.023749s ]
INFO: Run TokenBuild Behavior [ RunTime:-0.024191s ]
INFO: Run WriteHtmlCache Behavior [ RunTime:-0.024551s ]
INFO: Run ShowRuntime Behavior [ RunTime:-0.024762s ]
INFO: [ view_filter ] --END-- [ RunTime:0.001462s ]
INFO: [ view_end ] --START--
INFO: Run ShowPageTrace Behavior [ RunTime:-0.025290s ]
INFO: [ view_end ] --END-- [ RunTime:0.000687s ]

[ 2012-12-15T22:00:52+08:00 ] 127.0.0.1 /gbook_thinkphp/
INFO: [ app_begin ] --START--
INFO: Run ReadHtmlCache Behavior [ RunTime:0.000612s ]
INFO: [ app_begin ] --END-- [ RunTime:0.000727s ]
SQL: SHOW COLUMNS FROM `thinkphp_gbook` [ RunTime:0.001144s ]
SQL: SELECT * FROM `thinkphp_gbook`  [ RunTime:0.000202s ]
INFO: [ view_template ] --START--
INFO: Run LocationTemplate Behavior [ RunTime:-0.011090s ]
INFO: [ view_template ] --END-- [ RunTime:0.000496s ]
INFO: [ view_parse ] --START--
INFO: Run ParseTemplate Behavior [ RunTime:-0.011645s ]
INFO: [ view_parse ] --END-- [ RunTime:0.007606s ]
INFO: [ view_filter ] --START--
INFO: Run ContentReplace Behavior [ RunTime:-0.019324s ]
INFO: Run TokenBuild Behavior [ RunTime:-0.019714s ]
INFO: Run WriteHtmlCache Behavior [ RunTime:-0.020038s ]
INFO: Run ShowRuntime Behavior [ RunTime:-0.020257s ]
INFO: [ view_filter ] --END-- [ RunTime:0.001425s ]
INFO: [ view_end ] --START--
INFO: Run ShowPageTrace Behavior [ RunTime:-0.020818s ]
INFO: [ view_end ] --END-- [ RunTime:0.000841s ]

[ 2012-12-15T22:01:08+08:00 ] 127.0.0.1 /gbook_thinkphp/
INFO: [ app_begin ] --START--
INFO: Run ReadHtmlCache Behavior [ RunTime:0.000668s ]
INFO: [ app_begin ] --END-- [ RunTime:0.000879s ]
SQL: SHOW COLUMNS FROM `thinkphp_gbook` [ RunTime:0.000920s ]
SQL: SELECT * FROM `thinkphp_gbook`  [ RunTime:0.000141s ]
INFO: [ view_template ] --START--
INFO: Run LocationTemplate Behavior [ RunTime:-0.013790s ]
INFO: [ view_template ] --END-- [ RunTime:0.000456s ]
INFO: [ view_parse ] --START--
INFO: Run ParseTemplate Behavior [ RunTime:-0.014318s ]
INFO: [ view_parse ] --END-- [ RunTime:0.008586s ]
INFO: [ view_filter ] --START--
INFO: Run ContentReplace Behavior [ RunTime:-0.022953s ]
INFO: Run TokenBuild Behavior [ RunTime:-0.023458s ]
INFO: Run WriteHtmlCache Behavior [ RunTime:-0.023895s ]
INFO: Run ShowRuntime Behavior [ RunTime:-0.024124s ]
INFO: [ view_filter ] --END-- [ RunTime:0.001621s ]
INFO: [ view_end ] --START--
INFO: Run ShowPageTrace Behavior [ RunTime:-0.024652s ]
INFO: [ view_end ] --END-- [ RunTime:0.000673s ]

[ 2012-12-15T22:02:27+08:00 ] 127.0.0.1 /gbook_thinkphp/
INFO: [ app_begin ] --START--
INFO: Run ReadHtmlCache Behavior [ RunTime:0.000594s ]
INFO: [ app_begin ] --END-- [ RunTime:0.000700s ]
SQL: SHOW COLUMNS FROM `thinkphp_gbook` [ RunTime:0.001098s ]
SQL: SELECT * FROM `thinkphp_gbook`  [ RunTime:0.000125s ]
INFO: [ view_template ] --START--
INFO: Run LocationTemplate Behavior [ RunTime:-0.010387s ]
INFO: [ view_template ] --END-- [ RunTime:0.000438s ]
INFO: [ view_parse ] --START--
INFO: Run ParseTemplate Behavior [ RunTime:-0.010895s ]
INFO: [ view_parse ] --END-- [ RunTime:0.007820s ]
INFO: [ view_filter ] --START--
INFO: Run ContentReplace Behavior [ RunTime:-0.018750s ]
INFO: Run TokenBuild Behavior [ RunTime:-0.019091s ]
INFO: Run WriteHtmlCache Behavior [ RunTime:-0.019417s ]
INFO: Run ShowRuntime Behavior [ RunTime:-0.019666s ]
INFO: [ view_filter ] --END-- [ RunTime:0.001400s ]
INFO: [ view_end ] --START--
INFO: Run ShowPageTrace Behavior [ RunTime:-0.020225s ]
INFO: [ view_end ] --END-- [ RunTime:0.000619s ]

[ 2012-12-15T22:03:10+08:00 ] 127.0.0.1 /gbook_thinkphp/
INFO: [ app_begin ] --START--
INFO: Run ReadHtmlCache Behavior [ RunTime:0.000570s ]
INFO: [ app_begin ] --END-- [ RunTime:0.000683s ]
SQL: SHOW COLUMNS FROM `thinkphp_gbook` [ RunTime:0.000989s ]
SQL: SELECT * FROM `thinkphp_gbook`  [ RunTime:0.000180s ]
INFO: [ view_template ] --START--
INFO: Run LocationTemplate Behavior [ RunTime:-0.010387s ]
INFO: [ view_template ] --END-- [ RunTime:0.000534s ]
INFO: [ view_parse ] --START--
INFO: Run ParseTemplate Behavior [ RunTime:-0.010992s ]
INFO: [ view_parse ] --END-- [ RunTime:0.007593s ]
INFO: [ view_filter ] --START--
INFO: Run ContentReplace Behavior [ RunTime:-0.018622s ]
INFO: Run TokenBuild Behavior [ RunTime:-0.019035s ]
INFO: Run WriteHtmlCache Behavior [ RunTime:-0.019410s ]
INFO: Run ShowRuntime Behavior [ RunTime:-0.019632s ]
INFO: [ view_filter ] --END-- [ RunTime:0.001429s ]
INFO: [ view_end ] --START--
INFO: Run ShowPageTrace Behavior [ RunTime:-0.020152s ]
INFO: [ view_end ] --END-- [ RunTime:0.000613s ]

[ 2012-12-15T22:04:12+08:00 ] 127.0.0.1 /gbook_thinkphp/
INFO: [ app_begin ] --START--
INFO: Run ReadHtmlCache Behavior [ RunTime:0.000545s ]
INFO: [ app_begin ] --END-- [ RunTime:0.000647s ]
SQL: SHOW COLUMNS FROM `thinkphp_gbook` [ RunTime:0.001177s ]
SQL: SELECT * FROM `thinkphp_gbook`  [ RunTime:0.000199s ]
INFO: [ view_template ] --START--
INFO: Run LocationTemplate Behavior [ RunTime:-0.016754s ]
INFO: [ view_template ] --END-- [ RunTime:0.000546s ]
INFO: [ view_parse ] --START--
INFO: Run ParseTemplate Behavior [ RunTime:-0.017374s ]
INFO: [ view_parse ] --END-- [ RunTime:0.008509s ]
INFO: [ view_filter ] --START--
INFO: Run ContentReplace Behavior [ RunTime:-0.026155s ]
INFO: Run TokenBuild Behavior [ RunTime:-0.026532s ]
INFO: Run WriteHtmlCache Behavior [ RunTime:-0.026866s ]
INFO: Run ShowRuntime Behavior [ RunTime:-0.027090s ]
INFO: [ view_filter ] --END-- [ RunTime:0.001360s ]
INFO: [ view_end ] --START--
INFO: Run ShowPageTrace Behavior [ RunTime:-0.027583s ]
INFO: [ view_end ] --END-- [ RunTime:0.000597s ]

